[2022-12-21T21:24:10.614] [WARN] default - Failed Request GET at /ddd
[2022-12-21T21:39:46.414] [WARN] default - Failed Request GET at /login
[2022-12-21T21:45:36.028] [WARN] default - Failed Request GET at /login
[2022-12-21T21:45:45.831] [WARN] default - Failed Request GET at /login
[2022-12-21T22:29:25.885] [WARN] default - Failed Request GET at /primes?max=10000000
[2022-12-21T22:29:39.606] [WARN] default - Failed Request GET at /primes?max=100000
[2022-12-21T22:31:59.008] [WARN] default - Failed Request GET at /primes?max=100000
[2022-12-21T22:33:32.721] [WARN] default - Failed Request GET at /primes?max=100000
[2022-12-21T22:33:36.936] [WARN] default - Failed Request GET at /primes?max=100000
[2022-12-21T22:36:39.952] [WARN] default - Failed Request GET at /primes?max=100000
[2022-12-21T22:37:21.926] [WARN] default - Failed Request GET at /primes?max=100000
[2022-12-21T22:37:46.497] [WARN] default - Failed Request GET at /primes?max=100000
[2022-12-21T22:56:58.069] [WARN] default - Failed Request GET at /primes?max=100000
[2022-12-21T22:57:00.547] [WARN] default - Failed Request GET at /primes?max=100000
[2022-12-21T22:59:32.970] [WARN] default - Failed Request GET at /primes?max=100000
[2022-12-21T22:59:56.488] [WARN] default - Failed Request GET at /primes?max=100000
[2022-12-21T23:00:06.028] [WARN] default - Failed Request GET at /primes?max=100000
[2022-12-21T23:00:53.111] [WARN] default - Failed Request GET at /primes?max=100000
[2022-12-21T23:03:09.939] [WARN] default - Failed Request GET at /primes?max=100000
[2022-12-21T23:03:10.161] [WARN] default - Failed Request GET at /favicon.ico
[2022-12-21T23:05:08.139] [WARN] default - Failed Request GET at /primes?max=100000
[2022-12-21T23:05:08.374] [WARN] default - Failed Request GET at /favicon.ico
[2022-12-21T23:05:10.805] [WARN] default - Failed Request GET at /primes?max=100000
[2022-12-21T23:05:10.957] [WARN] default - Failed Request GET at /favicon.ico
[2022-12-21T23:06:43.325] [WARN] default - Failed Request GET at /primes?max=100000
[2022-12-21T23:06:43.548] [WARN] default - Failed Request GET at /favicon.ico
[2022-12-21T23:09:18.797] [WARN] default - Failed Request GET at /favicon.ico
[2023-01-05T17:13:40.111] [WARN] default - Failed Request GET at /assets/images/icons.svg
[2023-01-05T17:13:40.647] [WARN] default - Failed Request GET at /favicon.ico
[2023-01-06T09:53:56.833] [WARN] default - Failed Request GET at /assets/images/icons.svg
[2023-01-06T09:53:57.201] [WARN] default - Failed Request GET at /favicon.ico
[2023-01-06T09:58:58.908] [WARN] default - Failed Request GET at /assets/images/icons.svg
[2023-01-06T09:58:59.112] [WARN] default - Failed Request GET at /favicon.ico
[2023-01-06T11:13:49.764] [WARN] default - Failed Request GET at /favicon.ico
[2023-01-06T11:13:55.189] [WARN] default - Failed Request GET at /assets/images/icons.svg
[2023-01-06T11:13:55.346] [WARN] default - Failed Request GET at /favicon.ico
[2023-01-06T11:14:00.452] [WARN] default - Failed Request GET at /assets/images/icons.svg
[2023-01-06T11:14:00.990] [WARN] default - Failed Request GET at /favicon.ico
[2023-01-06T11:14:14.780] [WARN] default - Failed Request GET at /favicon.ico
[2023-01-06T11:15:01.138] [WARN] default - Failed Request GET at /assets/images/icons.svg
[2023-01-06T11:15:01.269] [WARN] default - Failed Request GET at /favicon.ico
[2023-01-06T11:15:13.421] [WARN] default - Failed Request GET at /favicon.ico
[2023-01-06T11:15:28.483] [WARN] default - Failed Request GET at /assets/images/icons.svg
[2023-01-06T11:15:28.606] [WARN] default - Failed Request GET at /favicon.ico
[2023-01-06T16:28:02.195] [WARN] default - Failed Request GET at /assets/images/icons.svg
[2023-01-06T16:28:03.014] [WARN] default - Failed Request GET at /favicon.ico
[2023-01-06T16:28:36.903] [WARN] default - Failed Request GET at /favicon.ico
[2023-01-06T16:36:23.905] [WARN] default - Failed Request GET at /assets/images/icons.svg
[2023-01-06T16:36:24.071] [WARN] default - Failed Request GET at /favicon.ico
[2023-01-06T16:37:03.463] [WARN] default - Failed Request GET at /assets/images/icons.svg
[2023-01-06T16:37:03.781] [WARN] default - Failed Request GET at /favicon.ico
[2023-01-06T16:37:12.703] [WARN] default - Failed Request GET at /favicon.ico
[2023-01-07T12:57:34.154] [WARN] default - Failed Request GET at /assets/images/icons.svg
[2023-01-07T12:57:34.839] [WARN] default - Failed Request GET at /favicon.ico
[2023-01-07T12:57:41.957] [WARN] default - Failed Request GET at /assets/images/icons.svg
[2023-01-07T12:57:42.112] [WARN] default - Failed Request GET at /favicon.ico
[2023-01-07T12:57:50.156] [WARN] default - Failed Request GET at /favicon.ico
[2023-01-18T10:23:41.343] [WARN] default - Failed Request GET at /assets/images/icons.svg
[2023-01-18T10:23:41.587] [WARN] default - Failed Request GET at /favicon.ico
[2023-01-18T12:06:30.873] [WARN] default - Failed Request GET at /assets/images/icons.svg
[2023-01-18T12:06:30.914] [WARN] default - Failed Request GET at /favicon.ico
[2023-01-18T12:08:28.261] [WARN] default - Failed Request GET at /register
[2023-01-18T12:08:28.417] [WARN] default - Failed Request GET at /favicon.ico
[2023-01-18T12:08:35.043] [WARN] default - Failed Request GET at /assets/images/icons.svg
[2023-01-18T12:08:35.196] [WARN] default - Failed Request GET at /favicon.ico
[2023-01-18T12:08:37.602] [WARN] default - Failed Request GET at /assets/images/icons.svg
[2023-01-18T12:08:37.622] [WARN] default - Failed Request GET at /favicon.ico
[2023-01-18T12:10:19.671] [WARN] default - Failed Request GET at /assets/images/icons.svg
[2023-01-18T12:10:19.818] [WARN] default - Failed Request GET at /favicon.ico
[2023-01-18T12:10:28.778] [WARN] default - Failed Request GET at /assets/images/icons.svg
[2023-01-18T12:10:28.813] [WARN] default - Failed Request GET at /favicon.ico
[2023-01-18T12:10:32.327] [WARN] default - Failed Request GET at /assets/images/icons.svg
[2023-01-18T12:10:32.347] [WARN] default - Failed Request GET at /favicon.ico
[2023-01-18T12:12:34.785] [WARN] default - Failed Request GET at /assets/images/icons.svg
[2023-01-18T12:12:34.918] [WARN] default - Failed Request GET at /favicon.ico
[2023-01-18T12:12:36.818] [WARN] default - Failed Request GET at /assets/images/icons.svg
[2023-01-18T12:12:36.869] [WARN] default - Failed Request GET at /favicon.ico
[2023-01-18T12:16:34.955] [WARN] default - Failed Request GET at /assets/images/icons.svg
[2023-01-18T12:16:35.081] [WARN] default - Failed Request GET at /favicon.ico
[2023-01-18T12:16:37.601] [WARN] default - Failed Request GET at /assets/images/icons.svg
[2023-01-18T12:16:37.627] [WARN] default - Failed Request GET at /favicon.ico
[2023-01-18T12:18:42.136] [WARN] default - Failed Request GET at /assets/images/icons.svg
[2023-01-18T12:18:42.275] [WARN] default - Failed Request GET at /favicon.ico
[2023-01-18T12:18:44.554] [WARN] default - Failed Request GET at /assets/images/icons.svg
[2023-01-18T12:18:44.582] [WARN] default - Failed Request GET at /favicon.ico
[2023-01-18T12:18:51.132] [WARN] default - Failed Request GET at /favicon.ico
[2023-01-18T17:30:22.415] [WARN] default - Failed Request GET at /favicon.ico
[2023-01-18T17:30:30.036] [WARN] default - Failed Request GET at /favicon.ico
[2023-01-18T17:30:41.029] [WARN] default - Failed Request GET at /favicon.ico
[2023-01-18T17:30:43.504] [WARN] default - Failed Request GET at /assets/images/icons.svg
[2023-01-18T17:30:43.540] [WARN] default - Failed Request GET at /favicon.ico
[2023-01-18T17:30:46.880] [WARN] default - Failed Request GET at /assets/images/icons.svg
[2023-01-18T17:30:46.905] [WARN] default - Failed Request GET at /favicon.ico
[2023-01-18T17:37:00.267] [WARN] default - Failed Request GET at /assets/images/icons.svg
[2023-01-18T17:37:00.534] [WARN] default - Failed Request GET at /favicon.ico
[2023-01-18T17:39:52.435] [WARN] default - Failed Request GET at /assets/images/icons.svg
[2023-01-18T17:39:52.464] [WARN] default - Failed Request GET at /favicon.ico
[2023-01-18T17:40:06.764] [WARN] default - Failed Request GET at /assets/images/icons.svg
[2023-01-18T17:40:06.792] [WARN] default - Failed Request GET at /favicon.ico
[2023-01-18T17:50:04.153] [WARN] default - Failed Request GET at /assets/images/icons.svg
[2023-01-18T17:50:04.281] [WARN] default - Failed Request GET at /favicon.ico
[2023-01-18T17:50:07.508] [WARN] default - Failed Request GET at /assets/images/icons.svg
[2023-01-18T17:50:07.533] [WARN] default - Failed Request GET at /favicon.ico
[2023-01-18T17:50:14.359] [WARN] default - Failed Request GET at /favicon.ico
[2023-01-18T17:52:54.672] [WARN] default - Failed Request GET at /favicon.ico
[2023-01-18T17:53:02.962] [WARN] default - Failed Request GET at /assets/images/icons.svg
[2023-01-18T17:53:02.985] [WARN] default - Failed Request GET at /favicon.ico
[2023-01-18T17:53:16.216] [WARN] default - Failed Request GET at /assets/images/icons.svg
[2023-01-18T17:53:16.245] [WARN] default - Failed Request GET at /favicon.ico
[2023-01-18T17:53:25.517] [WARN] default - Failed Request GET at /favicon.ico
[2023-01-19T07:11:59.312] [WARN] default - Failed Request GET at /favicon.ico
[2023-01-19T07:12:07.315] [WARN] default - Failed Request GET at /favicon.ico
[2023-01-19T07:12:09.942] [WARN] default - Failed Request GET at /assets/images/icons.svg
[2023-01-19T07:12:09.989] [WARN] default - Failed Request GET at /favicon.ico
[2023-01-19T07:13:03.911] [WARN] default - Failed Request GET at /assets/images/icons.svg
[2023-01-19T07:13:03.942] [WARN] default - Failed Request GET at /favicon.ico
[2023-01-19T07:13:10.527] [WARN] default - Failed Request GET at /assets/images/icons.svg
[2023-01-19T07:13:10.556] [WARN] default - Failed Request GET at /favicon.ico
[2023-01-19T07:13:29.103] [WARN] default - Failed Request GET at /assets/images/icons.svg
[2023-01-19T07:13:29.129] [WARN] default - Failed Request GET at /favicon.ico
[2023-01-19T07:14:06.274] [WARN] default - Failed Request GET at /assets/images/icons.svg
[2023-01-19T07:14:06.343] [WARN] default - Failed Request GET at /favicon.ico
[2023-01-19T07:14:10.417] [WARN] default - Failed Request GET at /assets/images/icons.svg
[2023-01-19T07:14:10.442] [WARN] default - Failed Request GET at /favicon.ico
[2023-01-19T07:14:16.851] [WARN] default - Failed Request GET at /assets/images/icons.svg
[2023-01-19T07:14:16.877] [WARN] default - Failed Request GET at /favicon.ico
[2023-01-19T07:15:51.034] [WARN] default - Failed Request GET at /assets/images/icons.svg
[2023-01-19T07:15:51.059] [WARN] default - Failed Request GET at /favicon.ico
[2023-01-19T07:16:10.658] [WARN] default - Failed Request GET at /favicon.ico
[2023-01-19T07:17:04.831] [WARN] default - Failed Request GET at /assets/images/icons.svg
[2023-01-19T07:17:04.857] [WARN] default - Failed Request GET at /favicon.ico
[2023-01-19T07:17:13.709] [WARN] default - Failed Request GET at /assets/images/icons.svg
[2023-01-19T07:17:13.746] [WARN] default - Failed Request GET at /favicon.ico
[2023-01-19T08:13:57.382] [WARN] default - Failed Request GET at /assets/images/icons.svg
[2023-01-19T08:13:57.533] [WARN] default - Failed Request GET at /favicon.ico
[2023-01-19T08:14:06.734] [WARN] default - Failed Request GET at /assets/images/icons.svg
[2023-01-19T08:14:06.771] [WARN] default - Failed Request GET at /favicon.ico
[2023-01-19T08:18:05.779] [WARN] default - Failed Request GET at /assets/images/icons.svg
[2023-01-19T08:18:05.830] [WARN] default - Failed Request GET at /favicon.ico
[2023-01-19T08:18:11.875] [WARN] default - Failed Request GET at /assets/images/icons.svg
[2023-01-19T08:18:11.910] [WARN] default - Failed Request GET at /favicon.ico
[2023-01-19T08:18:22.173] [WARN] default - Failed Request GET at /assets/images/icons.svg
[2023-01-19T08:18:22.220] [WARN] default - Failed Request GET at /favicon.ico
[2023-01-19T08:20:30.962] [WARN] default - Failed Request GET at /assets/images/icons.svg
[2023-01-19T08:20:31.005] [WARN] default - Failed Request GET at /favicon.ico
[2023-01-19T08:20:37.998] [WARN] default - Failed Request GET at /assets/images/icons.svg
[2023-01-19T08:20:38.050] [WARN] default - Failed Request GET at /favicon.ico
[2023-01-19T08:22:04.313] [WARN] default - Failed Request GET at /assets/images/icons.svg
[2023-01-19T08:22:04.346] [WARN] default - Failed Request GET at /favicon.ico
[2023-01-19T08:24:34.254] [WARN] default - Failed Request GET at /assets/images/icons.svg
[2023-01-19T08:24:34.297] [WARN] default - Failed Request GET at /favicon.ico
[2023-01-19T08:24:44.758] [WARN] default - Failed Request GET at /assets/images/icons.svg
[2023-01-19T08:24:44.820] [WARN] default - Failed Request GET at /favicon.ico
[2023-01-19T08:25:23.531] [WARN] default - Failed Request GET at /assets/images/icons.svg
[2023-01-19T08:25:23.587] [WARN] default - Failed Request GET at /favicon.ico
[2023-01-19T08:44:42.642] [WARN] default - Failed Request GET at /assets/images/icons.svg
[2023-01-19T08:44:42.675] [WARN] default - Failed Request GET at /favicon.ico
[2023-01-19T08:47:21.357] [WARN] default - Failed Request GET at /assets/images/icons.svg
[2023-01-19T08:47:21.440] [WARN] default - Failed Request GET at /favicon.ico
[2023-01-19T08:47:30.261] [WARN] default - Failed Request GET at /assets/images/icons.svg
[2023-01-19T08:47:30.470] [WARN] default - Failed Request GET at /favicon.ico
[2023-01-19T08:56:24.324] [WARN] default - Failed Request GET at /assets/images/icons.svg
[2023-01-19T08:56:24.480] [WARN] default - Failed Request GET at /favicon.ico
[2023-01-19T08:56:33.415] [WARN] default - Failed Request GET at /favicon.ico
[2023-01-19T09:36:11.568] [WARN] default - Failed Request GET at /favicon.ico
[2023-01-19T09:36:13.376] [WARN] default - Failed Request GET at /assets/images/icons.svg
[2023-01-19T09:36:13.417] [WARN] default - Failed Request GET at /favicon.ico
[2023-01-19T09:55:54.121] [WARN] default - Failed Request GET at /assets/images/icons.svg
[2023-01-19T09:55:54.213] [WARN] default - Failed Request GET at /favicon.ico
[2023-01-19T09:56:39.590] [WARN] default - Failed Request GET at /assets/images/icons.svg
[2023-01-19T09:56:39.627] [WARN] default - Failed Request GET at /favicon.ico
[2023-01-19T09:56:45.297] [WARN] default - Failed Request GET at /assets/images/icons.svg
[2023-01-19T09:56:45.327] [WARN] default - Failed Request GET at /favicon.ico
[2023-01-19T09:57:35.639] [WARN] default - Failed Request GET at /assets/images/icons.svg
[2023-01-19T09:57:35.702] [WARN] default - Failed Request GET at /favicon.ico
[2023-01-19T09:57:52.863] [WARN] default - Failed Request GET at /assets/images/icons.svg
[2023-01-19T09:57:53.009] [WARN] default - Failed Request GET at /favicon.ico
[2023-01-19T09:58:25.660] [WARN] default - Failed Request GET at /assets/images/icons.svg
[2023-01-19T09:58:25.700] [WARN] default - Failed Request GET at /favicon.ico
[2023-01-19T09:58:27.493] [WARN] default - Failed Request GET at /assets/images/icons.svg
[2023-01-19T09:58:27.521] [WARN] default - Failed Request GET at /favicon.ico
[2023-01-19T09:58:28.369] [WARN] default - Failed Request GET at /assets/images/icons.svg
[2023-01-19T09:58:28.393] [WARN] default - Failed Request GET at /favicon.ico
[2023-01-19T09:59:36.121] [WARN] default - Failed Request GET at /assets/images/icons.svg
[2023-01-19T09:59:36.152] [WARN] default - Failed Request GET at /favicon.ico
[2023-01-19T09:59:38.751] [WARN] default - Failed Request GET at /assets/images/icons.svg
[2023-01-19T09:59:38.798] [WARN] default - Failed Request GET at /favicon.ico
[2023-01-19T09:59:45.902] [WARN] default - Failed Request GET at /assets/images/icons.svg
[2023-01-19T09:59:45.930] [WARN] default - Failed Request GET at /favicon.ico
[2023-01-19T10:24:58.099] [WARN] default - Failed Request GET at /assets/images/icons.svg
[2023-01-19T10:24:58.337] [WARN] default - Failed Request GET at /favicon.ico
[2023-01-19T10:25:45.855] [WARN] default - Failed Request GET at /assets/images/icons.svg
[2023-01-19T10:25:46.116] [WARN] default - Failed Request GET at /favicon.ico
[2023-01-19T10:25:52.579] [WARN] default - Failed Request GET at /assets/images/icons.svg
[2023-01-19T10:25:52.606] [WARN] default - Failed Request GET at /favicon.ico
[2023-01-19T10:26:07.587] [WARN] default - Failed Request GET at /favicon.ico
[2023-01-19T10:26:14.650] [WARN] default - Failed Request GET at /assets/images/icons.svg
[2023-01-19T10:26:14.679] [WARN] default - Failed Request GET at /favicon.ico
[2023-01-19T10:26:27.901] [WARN] default - Failed Request GET at /assets/images/icons.svg
[2023-01-19T10:26:28.021] [WARN] default - Failed Request GET at /favicon.ico
[2023-01-19T10:28:51.083] [WARN] default - Failed Request GET at /assets/images/icons.svg
[2023-01-19T10:28:51.186] [WARN] default - Failed Request GET at /favicon.ico
[2023-01-19T10:28:54.909] [WARN] default - Failed Request GET at /assets/images/icons.svg
[2023-01-19T10:28:54.984] [WARN] default - Failed Request GET at /favicon.ico
[2023-01-19T10:29:18.027] [WARN] default - Failed Request GET at /assets/images/icons.svg
[2023-01-19T10:29:18.071] [WARN] default - Failed Request GET at /favicon.ico
[2023-01-19T10:29:22.061] [WARN] default - Failed Request GET at /favicon.ico
[2023-01-19T10:29:40.876] [WARN] default - Failed Request GET at /assets/images/icons.svg
[2023-01-19T10:29:40.902] [WARN] default - Failed Request GET at /favicon.ico
[2023-01-19T10:31:34.792] [WARN] default - Failed Request GET at /assets/images/icons.svg
[2023-01-19T10:31:34.825] [WARN] default - Failed Request GET at /favicon.ico
[2023-01-19T10:31:47.331] [WARN] default - Failed Request GET at /assets/images/icons.svg
[2023-01-19T10:31:47.622] [WARN] default - Failed Request GET at /favicon.ico
[2023-01-19T10:37:25.210] [WARN] default - Failed Request GET at /assets/images/icons.svg
[2023-01-19T10:37:25.387] [WARN] default - Failed Request GET at /favicon.ico
[2023-01-19T10:38:23.103] [WARN] default - Failed Request GET at /assets/images/icons.svg
[2023-01-19T10:38:23.233] [WARN] default - Failed Request GET at /favicon.ico
[2023-01-19T10:38:33.337] [WARN] default - Failed Request GET at /assets/images/icons.svg
[2023-01-19T10:38:33.366] [WARN] default - Failed Request GET at /favicon.ico
[2023-01-19T10:38:37.661] [WARN] default - Failed Request GET at /favicon.ico
[2023-01-19T10:41:00.140] [WARN] default - Failed Request GET at /assets/images/icons.svg
[2023-01-19T10:41:00.162] [WARN] default - Failed Request GET at /favicon.ico
[2023-01-19T10:41:05.263] [WARN] default - Failed Request GET at /assets/images/icons.svg
[2023-01-19T10:41:05.283] [WARN] default - Failed Request GET at /favicon.ico
[2023-01-19T10:41:12.253] [WARN] default - Failed Request GET at /assets/images/icons.svg
[2023-01-19T10:41:12.733] [WARN] default - Failed Request GET at /favicon.ico
[2023-01-19T10:41:58.698] [WARN] default - Failed Request GET at /assets/images/icons.svg
[2023-01-19T10:41:58.721] [WARN] default - Failed Request GET at /favicon.ico
[2023-01-20T09:30:50.181] [WARN] default - Failed Request GET at /assets/images/icons.svg
[2023-01-20T09:30:50.313] [WARN] default - Failed Request GET at /favicon.ico
[2023-01-20T09:30:52.704] [WARN] default - Failed Request GET at /assets/images/icons.svg
[2023-01-20T09:30:52.746] [WARN] default - Failed Request GET at /favicon.ico
[2023-01-20T09:31:39.830] [WARN] default - Failed Request GET at /favicon.ico
[2023-01-20T09:41:13.591] [WARN] default - Failed Request GET at /assets/images/icons.svg
[2023-01-20T09:41:13.641] [WARN] default - Failed Request GET at /favicon.ico
[2023-01-20T09:41:15.121] [WARN] default - Failed Request GET at /assets/images/icons.svg
[2023-01-20T09:41:15.153] [WARN] default - Failed Request GET at /favicon.ico
[2023-01-20T09:41:33.096] [WARN] default - Failed Request GET at /favicon.ico
[2023-01-20T09:44:45.604] [WARN] default - Failed Request GET at /assets/images/icons.svg
[2023-01-20T09:44:45.634] [WARN] default - Failed Request GET at /favicon.ico
[2023-01-20T09:44:47.590] [WARN] default - Failed Request GET at /assets/images/icons.svg
[2023-01-20T09:44:47.622] [WARN] default - Failed Request GET at /favicon.ico
[2023-01-20T09:44:55.180] [WARN] default - Failed Request GET at /favicon.ico
[2023-01-20T09:48:19.971] [WARN] default - Failed Request GET at /assets/images/icons.svg
[2023-01-20T09:48:19.997] [WARN] default - Failed Request GET at /favicon.ico
[2023-01-20T09:48:22.390] [WARN] default - Failed Request GET at /assets/images/icons.svg
[2023-01-20T09:48:22.415] [WARN] default - Failed Request GET at /favicon.ico
[2023-01-20T09:48:32.999] [WARN] default - Failed Request GET at /favicon.ico
[2023-01-20T09:59:12.293] [WARN] default - Failed Request GET at /assets/images/icons.svg
[2023-01-20T09:59:12.321] [WARN] default - Failed Request GET at /favicon.ico
[2023-01-20T09:59:14.125] [WARN] default - Failed Request GET at /assets/images/icons.svg
[2023-01-20T09:59:14.165] [WARN] default - Failed Request GET at /favicon.ico
[2023-01-20T10:01:29.519] [WARN] default - Failed Request GET at /assets/images/icons.svg
[2023-01-20T10:01:29.708] [WARN] default - Failed Request GET at /favicon.ico
[2023-01-20T10:01:31.998] [WARN] default - Failed Request GET at /assets/images/icons.svg
[2023-01-20T10:01:32.049] [WARN] default - Failed Request GET at /favicon.ico
[2023-01-20T10:04:37.724] [WARN] default - Failed Request GET at /assets/images/icons.svg
[2023-01-20T10:04:39.826] [WARN] default - Failed Request GET at /favicon.ico
[2023-01-20T10:04:42.705] [WARN] default - Failed Request GET at /assets/images/icons.svg
[2023-01-20T10:04:42.747] [WARN] default - Failed Request GET at /favicon.ico
[2023-01-20T10:09:52.734] [WARN] default - Failed Request GET at /assets/images/icons.svg
[2023-01-20T10:09:53.110] [WARN] default - Failed Request GET at /favicon.ico
[2023-01-20T10:09:56.908] [WARN] default - Failed Request GET at /assets/images/icons.svg
[2023-01-20T10:09:56.952] [WARN] default - Failed Request GET at /favicon.ico
[2023-01-20T10:10:09.260] [WARN] default - Failed Request GET at /favicon.ico
